slaynww got +1 (total messages 17)
slaynww got +1 (total messages 18)
slaynww got +1 (total messages 19)
slaynww got +1 (total messages 20)
slaynww got +1 (total messages 21)
slaynww got +1 (total messages 22)
slaynww got +1 (total messages 23)
slaynww got +1 (total messages 24)
slaynww got +1 (total messages 25)
slaynww got +1 (total messages 26)
slaynww got +1 (total messages 27)
slaynww got +1 (total messages 28)
slaynww got +1 (total messages 29)
slaynww got +1 (total messages 30)
slaynww got +1 (total messages 30)
slaynww got +1 (total messages 32)
slaynww got +1 (total messages 33)
slaynww got +1 (total messages 34)
slaynww got +1 (total messages 35)
slaynww got +1 (total messages 36)
slaynww got +1 (total messages 37)
slaynww got +1 (total messages 38)
slaynww got +1 (total messages 39)
slaynww got +1 (total messages 40)
slaynww got +1 (total messages 41)
slaynww got +1 (total messages 42)
slaynww got +1 (total messages 43)
slaynww got +1 (total messages 44)
slaynww got +1 (total messages 45)
slaynww got +1 (total messages 46)
slaynww got +1 (total messages 47)
slaynww got +1 (total messages 48)
slaynww got +1 (total messages 49)
slaynww got +1 (total messages 50)
slaynww got +1 (total messages 51)
slaynww got +1 (total messages 52)
slaynww got +1 (total messages 53)
slaynww got +1 (total messages 54)
slaynww got +1 (total messages 55)
slaynww got +1 (total messages 56)
slaynww got +1 (total messages 57)
slaynww got +1 (total messages 58)
slaynww got +1 (total messages 59)
slaynww got +1 (total messages 60)
slaynww got +1 (total messages 61)
slaynww got +1 (total messages 62)
slaynww got +1 (total messages 63)
slaynww got +1 (total messages 64)
slaynww got +1 (total messages 65)
slaynww got +1 (total messages 66)
slaynww got +1 (total messages 67)
slaynww got +1 (total messages 68)
slaynww got +1 (total messages 69)
slaynww got +1 (total messages 70)
slaynww got +1 (total messages 71)
slaynww got +1 (total messages 72)
slaynww got +1 (total messages 73)
slaynww got +1 (total messages 74)
[+] slaynww got +1 (total messages 75)
[+] slaynww got +1 (total messages 76)
[+] slaynww got +1 (total messages 77)
[+] slaynww got +1 (total messages 78)
[+] slaynww got +1 (total messages 79)
[+] slaynww got +1 (total messages 80)
[+] slaynww got +1 (total messages 81)
[+] slaynww got +1 (total messages 1)
[+] slaynww got +1 (total messages 2)
[+] slaynww got +1 (total messages 3)
[+] slaynww got +1 (total messages 4)
[+] slaynww got +1 (total messages 5)
[+] slaynww got +1 (total messages 6)
[+] slaynww got +1 (total messages 7)
[+] slaynww got +1 (total messages 8)
[+] slaynww got +1 (total messages 9)
[+] slaynww got +1 (total messages 10)
[+] slaynww got +1 (total messages 11)
[+] slaynww got +1 (total messages 82)
[+] slaynww got +1 (total messages 12)
[+] slaynww got +1 (total messages 83)
[+] [qwitix] slaynww got +1 msg (total messages 84)
[+] [qff ‧₊˚.] slaynww got +1 msg (total messages 13)
[+] [qff ‧₊˚.] slaynww got +1 msg (total messages 14)
[+] [qff ‧₊˚.] slaynww got +1 msg (total messages 15)
[+] [qff ‧₊˚.] slaynww got +1 msg (total messages 16)
[+] [qff ‧₊˚.] slaynww got +1 msg (total messages 17)
[+] [qff ‧₊˚.] slaynww got +1 msg (total messages 18)
[+] [qff ‧₊˚.] slaynww got +1 msg (total messages 19)
[+] [qff ‧₊˚.] slaynww got +1 msg (total messages 20)
[+] [qff ‧₊˚.] slaynww got +1 msg (total messages 21)
[+] [qff ‧₊˚.] slaynww got +1 msg (total messages 22)
[+] [qff ‧₊˚.] slaynww got +1 msg (total messages 23)
[+] [qff ‧₊˚.] slaynww got +1 msg (total messages 1)
[+] [qff ‧₊˚.] slaynww got +1 msg (total messages 1)
[+] [qff ‧₊˚.] slaynww got +1 msg (total messages 3)
[+] [qff ‧₊˚.] slaynww got +1 msg (total messages 3)
[+] [qff ‧₊˚.] slaynww got +1 msg (total messages 5)
[+] [qff ‧₊˚.] slaynww got +1 msg (total messages 5)
[+] [qff ‧₊˚.] slaynww got +1 msg (total messages 5)
[+] [qff ‧₊˚.] slaynww got +1 msg (total messages 4)
[+] [qff ‧₊˚.] slaynww got +1 msg (total messages 4)
[+] [qff ‧₊˚.] slaynww got +1 msg (total messages 4)
[+] [qff ‧₊˚.] slaynww got +1 msg (total messages 6)
[+] [qff ‧₊˚.] slaynww got +1 msg (total messages 6)
[+] [qff ‧₊˚.] slaynww got +1 msg (total messages 6)
[+] [qff ‧₊˚.] slaynww got +1 msg (total messages 8)
[+] [qff ‧₊˚.] slaynww got +1 msg (total messages 1)
[+] [qff ‧₊˚.] slaynww got +1 msg (total messages 2)
[+] [qff ‧₊˚.] slaynww got +1 msg (total messages 3)
[+] [qff ‧₊˚.] slaynww got +1 msg (total messages 4)
[+] [qff ‧₊˚.] slaynww got +1 msg (total messages 5)
[+] [qff ‧₊˚.] slaynww got +1 msg (total messages 5)
[+] [qff ‧₊˚.] slaynww got +1 msg (total messages 5)
[+] [qff ‧₊˚.] slaynww got +1 msg (total messages 5)
[+] [qff ‧₊˚.] slaynww got +1 msg (total messages 7)
[+] [qff ‧₊˚.] slaynww got +1 msg (total messages 7)
[+] [qff ‧₊˚.] slaynww got +1 msg (total messages 9)
[+] [qff ‧₊˚.] slaynww got +1 msg (total messages 9)
[+] [qff ‧₊˚.] slaynww got +1 msg (total messages 11)
[+] [qff ‧₊˚.] slaynww got +1 msg (total messages 11)
[+] [qff ‧₊˚.] slaynww got +1 msg (total messages 11)
[+] [qff ‧₊˚.] slaynww got +1 msg (total messages 11)
[+] [qff ‧₊˚.] slaynww got +1 msg (total messages 11)
[+] [qff ‧₊˚.] slaynww got +1 msg (total messages 11)
[+] [qff ‧₊˚.] slaynww got +1 msg (total messages 13)
[+] [qff ‧₊˚.] slaynww got +1 msg (total messages 13)
[+] [qff ‧₊˚.] slaynww got +1 msg (total messages 13)
[+] [qff ‧₊˚.] slaynww got +1 msg (total messages 13)
[+] [qff ‧₊˚.] slaynww got +1 msg (total messages 13)
[+] [qff ‧₊˚.] slaynww got +1 msg (total messages 13)
[+] [qff ‧₊˚.] slaynww got +1 msg (total messages 15)
[+] [qff ‧₊˚.] slaynww got +1 msg (total messages 15)
[+] [qff ‧₊˚.] slaynww got +1 msg (total messages 15)
[+] [qff ‧₊˚.] slaynww got +1 msg (total messages 1)
[+] [qff ‧₊˚.] slaynww got +1 msg (total messages 2)
[+] [qff ‧₊˚.] slaynww got +1 msg (total messages 3)
[+] [qff ‧₊˚.] slaynww got +1 msg (total messages 4)
[+] [qff ‧₊˚.] slaynww got +1 msg (total messages 5)
[+] [qff ‧₊˚.] slaynww got +1 msg (total messages 6)
[+] [qff ‧₊˚.] slaynww got +1 msg (total messages 7)
[+] [qff ‧₊˚.] slaynww got +1 msg (total messages 8)
[+] [qff ‧₊˚.] slaynww got +1 msg (total messages 9)
[+] [qff ‧₊˚.] slaynww got +1 msg (total messages 10)
[+] [qff ‧₊˚.] slaynww got +1 msg (total messages 11)
[+] [qff ‧₊˚.] slaynww got +1 msg (total messages 12)
[+] [qff ‧₊˚.] slaynww got +1 msg (total messages 13)
[+] [qff ‧₊˚.] slaynww got +1 msg (total messages 14)
[+] [qff ‧₊˚.] slaynww got +1 msg (total messages 15)
[+] [qff ‧₊˚.] slaynww got +1 msg (total messages 16)
[+] [qff ‧₊˚.] slaynww got +1 msg (total messages 17)
[+] [qff ‧₊˚.] slaynww got +1 msg (total messages 18)
[+] [qff ‧₊˚.] slaynww got +1 msg (total messages 19)
[+] [qff ‧₊˚.] slaynww got +1 msg (total messages 20)
[+] [qff ‧₊˚.] slaynww got +1 msg (total messages 21)
[+] [qff ‧₊˚.] slaynww got +1 msg (total messages 22)
[+] [qff ‧₊˚.] slaynww got +1 msg (total messages 23)
[+] [qff ‧₊˚.] slaynww got +1 msg (total messages 24)
[+] [qff ‧₊˚.] slaynww got +1 msg (total messages 25)
[+] [qff ‧₊˚.] slaynww got +1 msg (total messages 26)
[+] [qff ‧₊˚.] slaynww got +1 msg (total messages 27)
[+] [qff ‧₊˚.] slaynww got +1 msg (total messages 28)
[+] [qff ‧₊˚.] slaynww got +1 msg (total messages 36)
[+] [qff ‧₊˚.] slaynww got +1 msg (total messages 37)
[+] [qff ‧₊˚.] slaynww got +1 msg (total messages 38)
[+] [qff ‧₊˚.] slaynww got +1 msg (total messages 39)
[+] [qff ‧₊˚.] slaynww got +1 msg (total messages 40)
[+] [qff ‧₊˚.] slaynww got +1 msg (total messages 41)
[+] [qff ‧₊˚.] slaynww got +1 msg (total messages 42)
[+] [qff ‧₊˚.] slaynww got +1 msg (total messages 43)
[+] [qff ‧₊˚.] slaynww got +1 msg (total messages 44)
[+] [qff ‧₊˚.] slaynww got +1 msg (total messages 45)
[+] [qff ‧₊˚.] slaynww got +1 msg (total messages 46)
[+] [qff ‧₊˚.] slaynww got +1 msg (total messages 47)
[+] [qff ‧₊˚.] slaynww got +1 msg (total messages 48)
[+] [qff ‧₊˚.] slaynww got +1 msg (total messages 49)
[+] [qff ‧₊˚.] slaynww got +1 msg (total messages 50)
[+] [qff ‧₊˚.] slaynww got +1 msg (total messages 51)
[+] [qff ‧₊˚.] slaynww got +1 msg (total messages 52)
[+] [qff ‧₊˚.] slaynww got +1 msg (total messages 53)
[+] [qff ‧₊˚.] slaynww got +1 msg (total messages 54)
[+] [qff ‧₊˚.] slaynww got +1 msg (total messages 55)
[+] [qff ‧₊˚.] slaynww got +1 msg (total messages 56)
[+] [qff ‧₊˚.] slaynww got +1 msg (total messages 57)
[+] [qff ‧₊˚.] slaynww got +1 msg (total messages 58)
[+] [qff ‧₊˚.] slaynww got +1 msg (total messages 59)
[+] [qff ‧₊˚.] slaynww got +1 msg (total messages 60)
[+] [qff ‧₊˚.] slaynww got +1 msg (total messages 61)
[+] [qff ‧₊˚.] slaynww got +1 msg (total messages 62)
[+] [qff ‧₊˚.] slaynww got +1 msg (total messages 63)
[+] [qff ‧₊˚.] slaynww got +1 msg (total messages 64)
[+] [qff ‧₊˚.] slaynww got +1 msg (total messages 65)
[+] [qff ‧₊˚.] slaynww got +1 msg (total messages 66)
[+] [qff ‧₊˚.] slaynww got +1 msg (total messages 67)
[+] [qff ‧₊˚.] slaynww got +1 msg (total messages 68)
[+] [qff ‧₊˚.] slaynww got +1 msg (total messages 69)
[+] [qff ‧₊˚.] slaynww got +1 msg (total messages 70)
[+] [qff ‧₊˚.] slaynww got +1 msg (total messages 71)
[+] [qff ‧₊˚.] slaynww got +1 msg (total messages 72)
[+] [qff ‧₊˚.] slaynww got +1 msg (total messages 73)
[+] [qff ‧₊˚.] slaynww got +1 msg (total messages 74)
[+] [qff ‧₊˚.] slaynww got +1 msg (total messages 75)
[+] [qff ‧₊˚.] slaynww got +1 msg (total messages 76)
[+] [qff ‧₊˚.] slaynww got +1 msg (total messages 77)
[+] [qff ‧₊˚.] slaynww got +1 msg (total messages 78)
[+] [qff ‧₊˚.] slaynww got +1 msg (total messages 79)
[+] [qff ‧₊˚.] slaynww got +1 msg (total messages 80)
[+] [qff ‧₊˚.] slaynww got +1 msg (total messages 81)
[+] [qff ‧₊˚.] slaynww got +1 msg (total messages 82)
[+] [qff ‧₊˚.] slaynww got +1 msg (total messages 83)
[+] [qff ‧₊˚.] slaynww got +1 msg (total messages 84)
[+] [qff ‧₊˚.] slaynww got +1 msg (total messages 85)
[+] [qff ‧₊˚.] slaynww got +1 msg (total messages 86)
[+] [qff ‧₊˚.] slaynww got +1 msg (total messages 87)
[+] [qff ‧₊˚.] slaynww got +1 msg (total messages 88)
[+] [qff ‧₊˚.] slaynww got +1 msg (total messages 89)
[+] [qff ‧₊˚.] slaynww got +1 msg (total messages 90)
[+] [qff ‧₊˚.] slaynww got +1 msg (total messages 91)
[+] [qff ‧₊˚.] slaynww got +1 msg (total messages 92)
[+] [qff ‧₊˚.] slaynww got +1 msg (total messages 93)
[+] [qff ‧₊˚.] slaynww got +1 msg (total messages 94)
[+] [qff ‧₊˚.] slaynww got +1 msg (total messages 95)
[+] [qff ‧₊˚.] slaynww got +1 msg (total messages 96)
[+] [qff ‧₊˚.] slaynww got +1 msg (total messages 97)
[+] [qff ‧₊˚.] slaynww got +1 msg (total messages 98)
[+] [qff ‧₊˚.] slaynww got +1 msg (total messages 99)
[+] [qff ‧₊˚.] slaynww got +1 msg (total messages 100)
[+] [qff ‧₊˚.] slaynww got +1 msg (total messages 101)
[+] [qff ‧₊˚.] slaynww got +1 msg (total messages 102)
[+] [qff ‧₊˚.] slaynww got +1 msg (total messages 103)
[+] [qff ‧₊˚.] slaynww got +1 msg (total messages 104)
[+] [qff ‧₊˚.] slaynww got +1 msg (total messages 105)
[+] [qff ‧₊˚.] slaynww got +1 msg (total messages 106)
[+] [qff ‧₊˚.] slaynww got +1 msg (total messages 107)
[+] [qff ‧₊˚.] slaynww got +1 msg (total messages 108)
[+] [qff ‧₊˚.] slaynww got +1 msg (total messages 109)
[+] [qff ‧₊˚.] slaynww got +1 msg (total messages 110)
[+] [qff ‧₊˚.] slaynww got +1 msg (total messages 111)
[+] [qff ‧₊˚.] slaynww got +1 msg (total messages 112)
[+] [qff ‧₊˚.] slaynww got +1 msg (total messages 113)
[+] [qff ‧₊˚.] slaynww got +1 msg (total messages 114)
[+] [qff ‧₊˚.] slaynww got +1 msg (total messages 115)
[+] [qff ‧₊˚.] slaynww got +1 msg (total messages 116)
[+] [qff ‧₊˚.] slaynww got +1 msg (total messages 117)
[+] [qff ‧₊˚.] slaynww got +1 msg (total messages 118)
[+] [qff ‧₊˚.] slaynww got +1 msg (total messages 119)
[+] [qff ‧₊˚.] slaynww got +1 msg (total messages 120)
[+] [qff ‧₊˚.] slaynww got +1 msg (total messages 121)
[+] [qff ‧₊˚.] slaynww got +1 msg (total messages 122)
[+] [qff ‧₊˚.] slaynww got +1 msg (total messages 123)
[+] [qff ‧₊˚.] slaynww got +1 msg (total messages 124)
[+] [qff ‧₊˚.] slaynww got +1 msg (total messages 125)
[+] [qff ‧₊˚.] slaynww got +1 msg (total messages 126)
[+] [qff ‧₊˚.] slaynww got +1 msg (total messages 127)
[+] [qff ‧₊˚.] slaynww got +1 msg (total messages 128)
[+] [qff ‧₊˚.] slaynww got +1 msg (total messages 129)
[+] [qff ‧₊˚.] slaynww got +1 msg (total messages 130)
[+] [qff ‧₊˚.] slaynww got +1 msg (total messages 131)
[+] [qff ‧₊˚.] slaynww got +1 msg (total messages 132)
[+] [qff ‧₊˚.] slaynww got +1 msg (total messages 133)
[+] [qff ‧₊˚.] slaynww got +1 msg (total messages 134)
[+] [qff ‧₊˚.] slaynww got +1 msg (total messages 135)
[+] [qff ‧₊˚.] slaynww got +1 msg (total messages 136)
[+] [qff ‧₊˚.] slaynww got +1 msg (total messages 137)
[+] [qff ‧₊˚.] slaynww got +1 msg (total messages 138)
[+] [qff ‧₊˚.] slaynww got +1 msg (total messages 139)
[+] [qff ‧₊˚.] slaynww got +1 msg (total messages 140)
[+] [qff ‧₊˚.] slaynww got +1 msg (total messages 141)
[+] [qff ‧₊˚.] slaynww got +1 msg (total messages 142)
[+] [qff ‧₊˚.] slaynww got +1 msg (total messages 143)
[+] [qff ‧₊˚.] slaynww got +1 msg (total messages 144)
[+] [qff ‧₊˚.] slaynww got +1 msg (total messages 145)
[+] [qff ‧₊˚.] slaynww got +1 msg (total messages 146)
[+] [qff ‧₊˚.] slaynww got +1 msg (total messages 147)
[+] [qff ‧₊˚.] slaynww got +1 msg (total messages 148)
[+] [qff ‧₊˚.] slaynww got +1 msg (total messages 149)
[+] [qff ‧₊˚.] slaynww got +1 msg (total messages 150)
[+] [qff ‧₊˚.] slaynww got +1 msg (total messages 151)
[+] [qff ‧₊˚.] slaynww got +1 msg (total messages 152)
[+] [qff ‧₊˚.] slaynww got +1 msg (total messages 153)
[+] [qff ‧₊˚.] slaynww got +1 msg (total messages 154)
[+] [qff ‧₊˚.] slaynww got +1 msg (total messages 155)
[+] [qff ‧₊˚.] slaynww got +1 msg (total messages 156)
[+] [qff ‧₊˚.] slaynww got +1 msg (total messages 157)
[+] [qff ‧₊˚.] slaynww got +1 msg (total messages 158)
[+] [qff ‧₊˚.] slaynww got +1 msg (total messages 159)
[+] [qff ‧₊˚.] slaynww got +1 msg (total messages 160)
[+] [qff ‧₊˚.] slaynww got +1 msg (total messages 161)
[+] [qff ‧₊˚.] slaynww got +1 msg (total messages 162)
[+] [qff ‧₊˚.] slaynww got +1 msg (total messages 163)
[+] [qff ‧₊˚.] slaynww got +1 msg (total messages 164)
[+] [qff ‧₊˚.] slaynww got +1 msg (total messages 165)
[+] [qff ‧₊˚.] slaynww got +1 msg (total messages 166)
[+] [qff ‧₊˚.] slaynww got +1 msg (total messages 167)
[+] [qff ‧₊˚.] slaynww got +1 msg (total messages 168)
[+] [qff ‧₊˚.] slaynww got +1 msg (total messages 169)
[+] [qff ‧₊˚.] slaynww got +1 msg (total messages 170)
[+] [qff ‧₊˚.] slaynww got +1 msg (total messages 171)
[+] [qff ‧₊˚.] slaynww got +1 msg (total messages 172)
[+] [qff ‧₊˚.] slaynww got +1 msg (total messages 173)
[+] [qff ‧₊˚.] slaynww got +1 msg (total messages 174)
[+] [qff ‧₊˚.] slaynww got +1 msg (total messages 175)
[+] [qff ‧₊˚.] slaynww got +1 msg (total messages 176)
[+] [qff ‧₊˚.] slaynww got +1 msg (total messages 177)
[+] [qff ‧₊˚.] slaynww got +1 msg (total messages 178)
[+] [qff ‧₊˚.] slaynww got +1 msg (total messages 179)
[+] [qff ‧₊˚.] slaynww got +1 msg (total messages 180)
[+] [qff ‧₊˚.] slaynww got +1 msg (total messages 181)
[+] [qff ‧₊˚.] slaynww got +1 msg (total messages 182)
[+] [qff ‧₊˚.] slaynww got +1 msg (total messages 183)
[+] [qff ‧₊˚.] slaynww got +1 msg (total messages 184)
[+] [qff ‧₊˚.] slaynww got +1 msg (total messages 185)
[+] [qff ‧₊˚.] slaynww got +1 msg (total messages 186)
[+] [qff ‧₊˚.] slaynww got +1 msg (total messages 187)
[+] [qff ‧₊˚.] slaynww got +1 msg (total messages 188)
[+] [qff ‧₊˚.] slaynww got +1 msg (total messages 189)
[+] [qff ‧₊˚.] slaynww got +1 msg (total messages 190)
[+] [qff ‧₊˚.] slaynww got +1 msg (total messages 191)
[+] [qff ‧₊˚.] slaynww got +1 msg (total messages 192)
[+] [qff ‧₊˚.] slaynww got +1 msg (total messages 193)
[+] [qff ‧₊˚.] slaynww got +1 msg (total messages 194)
[+] [qff ‧₊˚.] slaynww got +1 msg (total messages 195)
[+] [qff ‧₊˚.] slaynww got +1 msg (total messages 196)
[+] [qff ‧₊˚.] slaynww got +1 msg (total messages 197)
[+] [qff ‧₊˚.] slaynww got +1 msg (total messages 198)
[+] [qff ‧₊˚.] slaynww got +1 msg (total messages 199)
[+] [qff ‧₊˚.] slaynww got +1 msg (total messages 200)
[+] [qff ‧₊˚.] slaynww got +1 msg (total messages 201)
[+] [qff ‧₊˚.] slaynww got +1 msg (total messages 202)
[+] [qff ‧₊˚.] slaynww got +1 msg (total messages 203)
[+] [qff ‧₊˚.] slaynww got +1 msg (total messages 204)
[+] [qff ‧₊˚.] slaynww got +1 msg (total messages 205)
[+] [qff ‧₊˚.] slaynww got +1 msg (total messages 206)
[+] [qff ‧₊˚.] slaynww got +1 msg (total messages 207)
[+] [qff ‧₊˚.] slaynww got +1 msg (total messages 208)
[+] [qff ‧₊˚.] slaynww got +1 msg (total messages 209)
[+] [qff ‧₊˚.] slaynww got +1 msg (total messages 210)
[+] [qff ‧₊˚.] slaynww got +1 msg (total messages 211)
[+] [qff ‧₊˚.] slaynww got +1 msg (total messages 212)
[+] [qff ‧₊˚.] slaynww got +1 msg (total messages 213)
[+] [qff ‧₊˚.] slaynww got +1 msg (total messages 214)
[+] [qff ‧₊˚.] slaynww got +1 msg (total messages 215)
[+] [qff ‧₊˚.] slaynww got +1 msg (total messages 216)
[+] [qff ‧₊˚.] slaynww got +1 msg (total messages 217)
[+] [qff ‧₊˚.] slaynww got +1 msg (total messages 218)
[+] [qff ‧₊˚.] slaynww got +1 msg (total messages 219)
[+] [qff ‧₊˚.] slaynww got +1 msg (total messages 220)
[+] [qff ‧₊˚.] slaynww got +1 msg (total messages 221)
[+] [qff ‧₊˚.] slaynww got +1 msg (total messages 222)
[+] [qff ‧₊˚.] slaynww got +1 msg (total messages 223)
[+] [qff ‧₊˚.] slaynww got +1 msg (total messages 224)
[+] [qff ‧₊˚.] slaynww got +1 msg (total messages 225)
[+] [qff ‧₊˚.] slaynww got +1 msg (total messages 226)
[+] [qff ‧₊˚.] slaynww got +1 msg (total messages 227)
[+] [qff ‧₊˚.] slaynww got +1 msg (total messages 228)
[+] [qff ‧₊˚.] slaynww got +1 msg (total messages 229)
[+] [qff ‧₊˚.] slaynww got +1 msg (total messages 230)
[+] [qff ‧₊˚.] slaynww got +1 msg (total messages 231)
[+] [qff ‧₊˚.] slaynww got +1 msg (total messages 232)
[+] [qff ‧₊˚.] slaynww got +1 msg (total messages 233)
[+] [qff ‧₊˚.] slaynww got +1 msg (total messages 234)
[+] [qff ‧₊˚.] slaynww got +1 msg (total messages 235)
[+] [qff ‧₊˚.] slaynww got +1 msg (total messages 236)
[+] [qff ‧₊˚.] slaynww got +1 msg (total messages 237)
[+] [qff ‧₊˚.] slaynww got +1 msg (total messages 238)
[+] [qff ‧₊˚.] slaynww got +1 msg (total messages 239)
[+] [qff ‧₊˚.] slaynww got +1 msg (total messages 240)
[+] [qff ‧₊˚.] slaynww got +1 msg (total messages 241)
[+] [qff ‧₊˚.] slaynww got +1 msg (total messages 242)
[+] [qff ‧₊˚.] slaynww got +1 msg (total messages 243)
[+] [qff ‧₊˚.] slaynww got +1 msg (total messages 244)
[+] [qff ‧₊˚.] slaynww got +1 msg (total messages 245)
[+] [qff ‧₊˚.] slaynww got +1 msg (total messages 246)
[+] [qff ‧₊˚.] slaynww got +1 msg (total messages 247)
[+] [qff ‧₊˚.] slaynww got +1 msg (total messages 248)
[+] [qff ‧₊˚.] slaynww got +1 msg (total messages 249)
[+] [qff ‧₊˚.] slaynww got +1 msg (total messages 250)
[+] [qff ‧₊˚.] slaynww got +1 msg (total messages 251)
[+] [qff ‧₊˚.] slaynww got +1 msg (total messages 252)
[+] [qff ‧₊˚.] slaynww got +1 msg (total messages 253)
[+] [qff ‧₊˚.] slaynww got +1 msg (total messages 254)
[+] [qff ‧₊˚.] slaynww got +1 msg (total messages 255)
[+] [qff ‧₊˚.] slaynww got +1 msg (total messages 256)
[+] [qff ‧₊˚.] slaynww got +1 msg (total messages 257)
[+] [qff ‧₊˚.] slaynww got +1 msg (total messages 258)
[+] [qff ‧₊˚.] slaynww got +1 msg (total messages 259)
[+] [qff ‧₊˚.] slaynww got +1 msg (total messages 260)
[+] [qff ‧₊˚.] slaynww got +1 msg (total messages 261)
[+] [qff ‧₊˚.] slaynww got +1 msg (total messages 262)
[+] [qff ‧₊˚.] slaynww got +1 msg (total messages 263)
[+] [qff ‧₊˚.] slaynww got +1 msg (total messages 264)
[+] [qff ‧₊˚.] slaynww got +1 msg (total messages 265)
[+] [qff ‧₊˚.] slaynww got +1 msg (total messages 266)
[+] [qff ‧₊˚.] slaynww got +1 msg (total messages 267)
[+] [qff ‧₊˚.] slaynww got +1 msg (total messages 268)
[+] [qff ‧₊˚.] slaynww got +1 msg (total messages 269)
[+] [qff ‧₊˚.] slaynww got +1 msg (total messages 270)
[+] [qff ‧₊˚.] slaynww got +1 msg (total messages 271)
[+] [qff ‧₊˚.] slaynww got +1 msg (total messages 272)
[+] [qff ‧₊˚.] slaynww got +1 msg (total messages 273)
[+] [qff ‧₊˚.] slaynww got +1 msg (total messages 274)
[+] [qff ‧₊˚.] slaynww got +1 msg (total messages 275)
[+] [qff ‧₊˚.] slaynww got +1 msg (total messages 276)
[+] [qff ‧₊˚.] slaynww got +1 msg (total messages 277)
[+] [qff ‧₊˚.] slaynww got +1 msg (total messages 278)
[+] [qff ‧₊˚.] slaynww got +1 msg (total messages 279)
[+] [qff ‧₊˚.] slaynww got +1 msg (total messages 280)
[+] [qff ‧₊˚.] slaynww got +1 msg (total messages 281)
[+] [qff ‧₊˚.] slaynww got +1 msg (total messages 282)
[+] [qff ‧₊˚.] slaynww got +1 msg (total messages 283)
[+] [qff ‧₊˚.] slaynww got +1 msg (total messages 284)
[+] [qff ‧₊˚.] slaynww got +1 msg (total messages 285)
[+] [qff ‧₊˚.] slaynww got +1 msg (total messages 286)
[+] [qff ‧₊˚.] slaynww got +1 msg (total messages 287)
[+] [qff ‧₊˚.] slaynww got +1 msg (total messages 288)
[+] [qff ‧₊˚.] slaynww got +1 msg (total messages 289)
[+] [qff ‧₊˚.] slaynww got +1 msg (total messages 290)
[+] [qff ‧₊˚.] slaynww got +1 msg (total messages 291)
[+] [qff ‧₊˚.] slaynww got +1 msg (total messages 292)
[+] [qff ‧₊˚.] slaynww got +1 msg (total messages 293)
[+] [qff ‧₊˚.] slaynww got +1 msg (total messages 294)
[+] [qff ‧₊˚.] slaynww got +1 msg (total messages 295)
[+] [qff ‧₊˚.] slaynww got +1 msg (total messages 296)
[+] [qff ‧₊˚.] slaynww got +1 msg (total messages 297)
[+] [qff ‧₊˚.] slaynww got +1 msg (total messages 298)
[+] [qff ‧₊˚.] slaynww got +1 msg (total messages 299)
[+] [qff ‧₊˚.] slaynww got +1 msg (total messages 300)
[+] [qff ‧₊˚.] slaynww got +1 msg (total messages 301)
[+] [qff ‧₊˚.] slaynww got +1 msg (total messages 302)
[+] [qff ‧₊˚.] slaynww got +1 msg (total messages 303)
[+] [qff ‧₊˚.] slaynww got +1 msg (total messages 304)
[+] [qff ‧₊˚.] slaynww got +1 msg (total messages 305)
[+] [qff ‧₊˚.] slaynww got +1 msg (total messages 306)
[+] [qff ‧₊˚.] slaynww got +1 msg (total messages 307)
[+] [qff ‧₊˚.] slaynww got +1 msg (total messages 308)
[+] [qff ‧₊˚.] slaynww got +1 msg (total messages 309)
[+] [qff ‧₊˚.] slaynww got +1 msg (total messages 310)
[+] [qff ‧₊˚.] slaynww got +1 msg (total messages 311)
[+] [qff ‧₊˚.] slaynww got +1 msg (total messages 312)
[+] [qff ‧₊˚.] slaynww got +1 msg (total messages 313)
[+] [qff ‧₊˚.] slaynww got +1 msg (total messages 314)
[+] [qff ‧₊˚.] slaynww got +1 msg (total messages 315)
[+] [qff ‧₊˚.] slaynww got +1 msg (total messages 316)
[+] [qff ‧₊˚.] slaynww got +1 msg (total messages 317)
[+] [qff ‧₊˚.] slaynww got +1 msg (total messages 318)
[+] [qff ‧₊˚.] slaynww got +1 msg (total messages 319)
[+] [qff ‧₊˚.] slaynww got +1 msg (total messages 320)
[+] [qff ‧₊˚.] slaynww got +1 msg (total messages 321)
[+] [qff ‧₊˚.] slaynww got +1 msg (total messages 322)
[+] [qff ‧₊˚.] slaynww got +1 msg (total messages 323)
[+] [qff ‧₊˚.] slaynww got +1 msg (total messages 324)
[+] [qff ‧₊˚.] slaynww got +1 msg (total messages 325)
[+] [qff ‧₊˚.] slaynww got +1 msg (total messages 326)
[+] [qff ‧₊˚.] slaynww got +1 msg (total messages 327)
[+] [qff ‧₊˚.] slaynww got +1 msg (total messages 328)
[+] [qff ‧₊˚.] slaynww got +1 msg (total messages 329)
[+] [qff ‧₊˚.] slaynww got +1 msg (total messages 330)
[+] [qff ‧₊˚.] slaynww got +1 msg (total messages 331)
[+] [qff ‧₊˚.] slaynww got +1 msg (total messages 332)
[+] [qff ‧₊˚.] slaynww got +1 msg (total messages 333)
[+] [qff ‧₊˚.] slaynww got +1 msg (total messages 334)
[+] [qff ‧₊˚.] slaynww got +1 msg (total messages 335)
[+] [qff ‧₊˚.] slaynww got +1 msg (total messages 336)
[+] [qff ‧₊˚.] slaynww got +1 msg (total messages 337)
[+] [qff ‧₊˚.] slaynww got +1 msg (total messages 338)
[+] [qff ‧₊˚.] slaynww got +1 msg (total messages 339)
[+] [qff ‧₊˚.] slaynww got +1 msg (total messages 340)
[+] [qff ‧₊˚.] slaynww got +1 msg (total messages 341)
[+] [qff ‧₊˚.] slaynww got +1 msg (total messages 342)
[+] [qff ‧₊˚.] slaynww got +1 msg (total messages 343)
[+] [qff ‧₊˚.] slaynww got +1 msg (total messages 344)
[+] [qff ‧₊˚.] slaynww got +1 msg (total messages 345)
[+] [qff ‧₊˚.] slaynww got +1 msg (total messages 346)
[+] [qff ‧₊˚.] slaynww got +1 msg (total messages 347)
[+] [qff ‧₊˚.] slaynww got +1 msg (total messages 348)
[+] [qff ‧₊˚.] slaynww got +1 msg (total messages 349)
[+] [qff ‧₊˚.] slaynww got +1 msg (total messages 431)
[+] [qff ‧₊˚.] slaynww got +1 msg (total messages 435)
[+] [qff ‧₊˚.] slaynww got +1 msg (total messages 436)
[+] [qff ‧₊˚.] slaynww got +1 msg (total messages 437)
[+] [qff ‧₊˚.] slaynww got +1 msg (total messages 441)
[+] [qff ‧₊˚.] slaynww got +1 msg (total messages 442)
[+] [qff ‧₊˚.] slaynww got +1 msg (total messages 443)
[+] [qff ‧₊˚.] slaynww got +1 msg (total messages 444)
[+] [qff ‧₊˚.] slaynww got +1 msg (total messages 445)
[+] [qff ‧₊˚.] snoopy14 got +1 msg (total messages 1)
[+] [qff ‧₊˚.] snoopy14 got +1 msg (total messages 2)
[+] [qff ‧₊˚.] snoopy14 got +1 msg (total messages 3)
[+] [qff ‧₊˚.] slaynww got +1 msg (total messages 446)
[+] [qff ‧₊˚.] slaynww got +1 msg (total messages 447)
[+] [qff ‧₊˚.] slaynww got +1 msg (total messages 448)
[+] [qff ‧₊˚.] slaynww got +1 msg (total messages 460)
[+] [qff ‧₊˚.] slaynww got +1 msg (total messages 461)
[+] [qff ‧₊˚.] slaynww got +1 msg (total messages 462)
[+] [qff ‧₊˚.] slaynww got +1 msg (total messages 463)
[+] [qff ‧₊˚.] slaynww got +1 msg (total messages 464)
[+] [qff ‧₊˚.] slaynww got +1 msg (total messages 465)
[+] [qff ‧₊˚.] slaynww got +1 msg (total messages 466)
[+] [qff ‧₊˚.] slaynww got +1 msg (total messages 467)
[+] [qff ‧₊˚.] slaynww got +1 msg (total messages 468)
[+] [qff ‧₊˚.] slaynww got +1 msg (total messages 469)
[+] [qff ‧₊˚.] slaynww got +1 msg (total messages 470)
[+] [qff ‧₊˚.] slaynww got +1 msg (total messages 471)
[+] [qff ‧₊˚.] slaynww got +1 msg (total messages 472)
[+] [qff ‧₊˚.] slaynww got +1 msg (total messages 473)
[+] [qff ‧₊˚.] slaynww got +1 msg (total messages 474)
[+] [qff ‧₊˚.] slaynww got +1 msg (total messages 475)
[+] [qff ‧₊˚.] slaynww got +1 msg (total messages 476)
[+] [qff ‧₊˚.] slaynww got +1 msg (total messages 477)
[+] [qff ‧₊˚.] slaynww got +1 msg (total messages 478)
[+] [qff ‧₊˚.] slaynww got +1 msg (total messages 479)
[+] [qff ‧₊˚.] slaynww got +1 msg (total messages 480)
[+] [qff ‧₊˚.] slaynww got +1 msg (total messages 481)
[+] [qff ‧₊˚.] slaynww got +1 msg (total messages 482)
[+] [qff ‧₊˚.] slaynww got +1 msg (total messages 483)
[+] [qff ‧₊˚.] slaynww got +1 msg (total messages 484)
[+] [qff ‧₊˚.] slaynww got +1 msg (total messages 485)
[+] [qff ‧₊˚.] slaynww got +1 msg (total messages 486)
[+] [qff ‧₊˚.] slaynww got +1 msg (total messages 487)
[+] [qff ‧₊˚.] slaynww got +1 msg (total messages 488)
[+] [qff ‧₊˚.] slaynww got +1 msg (total messages 489)
[+] [qff ‧₊˚.] slaynww got +1 msg (total messages 490)
[+] [qff ‧₊˚.] slaynww got +1 msg (total messages 491)
[+] [qff ‧₊˚.] slaynww got +1 msg (total messages 492)
[+] [qff ‧₊˚.] slaynww got +1 msg (total messages 493)
[+] [qff ‧₊˚.] slaynww got +1 msg (total messages 494)
[+] [qff ‧₊˚.] slaynww got +1 msg (total messages 495)
[+] [qff ‧₊˚.] slaynww got +1 msg (total messages 496)
[+] [qff ‧₊˚.] slaynww got +1 msg (total messages 497)
[+] [qff ‧₊˚.] slaynww got +1 msg (total messages 498)
[+] [qff ‧₊˚.] slaynww got +1 msg (total messages 499)
[+] [qff ‧₊˚.] slaynww got +1 msg (total messages 500)
[+] [qff ‧₊˚.] slaynww got +1 msg (total messages 501)
[+] [qff ‧₊˚.] slaynww got +1 msg (total messages 502)
[+] [qff ‧₊˚.] slaynww got +1 msg (total messages 503)
[+] [qff ‧₊˚.] slaynww got +1 msg (total messages 504)
[+] [qff ‧₊˚.] slaynww got +1 msg (total messages 505)
[+] [qff ‧₊˚.] slaynww got +1 msg (total messages 506)
[+] [qff ‧₊˚.] slaynww got +1 msg (total messages 507)
[+] [qff ‧₊˚.] slaynww got +1 msg (total messages 508)
[+] [qff ‧₊˚.] slaynww got +1 msg (total messages 511)
[+] [qff ‧₊˚.] slaynww got +1 msg (total messages 512)
[+] [qff ‧₊˚.] slaynww got +1 msg (total messages 513)
[+] [qff ‧₊˚.] slaynww got +1 msg (total messages 514)
[+] [qff ‧₊˚.] slaynww got +1 msg (total messages 515)
[+] [qff ‧₊˚.] slaynww got +1 msg (total messages 516)
[+] [qff ‧₊˚.] slaynww got +1 msg (total messages 523)
[+] [qff ‧₊˚.] slaynww got +1 msg (total messages 524)
[+] [qff ‧₊˚.] slaynww got +1 msg (total messages 525)
[+] [qff ‧₊˚.] slaynww got +1 msg (total messages 526)
[+] [qff ‧₊˚.] slaynww got +1 msg (total messages 527)
[+] [qff ‧₊˚.] slaynww got +1 msg (total messages 528)
[+] [qff ‧₊˚.] slaynww got +1 msg (total messages 529)
[+] [qff ‧₊˚.] slaynww got +1 msg (total messages 530)
[+] [qff ‧₊˚.] slaynww got +1 msg (total messages 531)
[+] [qff ‧₊˚.] slaynww got +1 msg (total messages 532)
[+] [qff ‧₊˚.] slaynww got +1 msg (total messages 533)
[+] [qff ‧₊˚.] slaynww got +1 msg (total messages 534)
[+] [qff ‧₊˚.] slaynww got +1 msg (total messages 535)
[+] [qff ‧₊˚.] slaynww got +1 msg (total messages 536)
[+] [qff ‧₊˚.] slaynww got +1 msg (total messages 537)
[+] [qff ‧₊˚.] slaynww got +1 msg (total messages 538)
[+] [qff ‧₊˚.] slaynww got +1 msg (total messages 539)
[+] [qff ‧₊˚.] slaynww got +1 msg (total messages 540)
[+] [qff ‧₊˚.] slaynww got +1 msg (total messages 541)
[+] [qff ‧₊˚.] slaynww got +1 msg (total messages 542)
[+] [qff ‧₊˚.] slaynww got +1 msg (total messages 543)
[+] [qff ‧₊˚.] slaynww got +1 msg (total messages 544)
[+] [qff ‧₊˚.] slaynww got +1 msg (total messages 545)
[+] [qff ‧₊˚.] slaynww got +1 msg (total messages 546)
[+] [qff ‧₊˚.] slaynww got +1 msg (total messages 547)
[+] [qff ‧₊˚.] slaynww got +1 msg (total messages 548)
[+] [qff ‧₊˚.] slaynww got +1 msg (total messages 549)
[+] [qff ‧₊˚.] slaynww got +1 msg (total messages 550)
[+] [qff ‧₊˚.] slaynww got +1 msg (total messages 551)
[+] [qff ‧₊˚.] slaynww got +1 msg (total messages 552)
[+] [qff ‧₊˚.] slaynww got +1 msg (total messages 553)
[+] [qff ‧₊˚.] slaynww got +1 msg (total messages 554)
[+] [qff ‧₊˚.] slaynww got +1 msg (total messages 555)
[+] [qff ‧₊˚.] slaynww got +1 msg (total messages 556)
[+] [qff ‧₊˚.] slaynww got +1 msg (total messages 557)
[+] [qff ‧₊˚.] slaynww got +1 msg (total messages 558)
[+] [qff ‧₊˚.] slaynww got +1 msg (total messages 559)
[+] [qff ‧₊˚.] slaynww got +1 msg (total messages 560)
[+] [qff ‧₊˚.] slaynww got +1 msg (total messages 561)
[+] [qff ‧₊˚.] slaynww got +1 msg (total messages 562)
[+] [qff ‧₊˚.] slaynww got +1 msg (total messages 563)
[+] [qff ‧₊˚.] slaynww got +1 msg (total messages 564)
[+] [qff ‧₊˚.] slaynww got +1 msg (total messages 565)
[+] [qff ‧₊˚.] slaynww got +1 msg (total messages 566)
[+] [qff ‧₊˚.] slaynww got +1 msg (total messages 567)
[+] [qff ‧₊˚.] slaynww got +1 msg (total messages 568)
[+] [qff ‧₊˚.] slaynww got +1 msg (total messages 569)
[+] [qff ‧₊˚.] slaynww got +1 msg (total messages 570)
[+] [qff ‧₊˚.] slaynww got +1 msg (total messages 571)
[+] [qff ‧₊˚.] slaynww got +1 msg (total messages 572)
[+] [qff ‧₊˚.] slaynww got +1 msg (total messages 573)
[+] [qff ‧₊˚.] slaynww got +1 msg (total messages 574)
[+] [qff ‧₊˚.] slaynww got +1 msg (total messages 575)
[+] [qff ‧₊˚.] slaynww got +1 msg (total messages 576)
[+] [qff ‧₊˚.] slaynww got +1 msg (total messages 577)
[+] [qff ‧₊˚.] slaynww got +1 msg (total messages 578)
[+] [qff ‧₊˚.] slaynww got +1 msg (total messages 579)
[+] [qff ‧₊˚.] slaynww got +1 msg (total messages 580)
[+] [qff ‧₊˚.] slaynww got +1 msg (total messages 581)
[+] [qff ‧₊˚.] slaynww got +1 msg (total messages 582)
[+] [qff ‧₊˚.] slaynww got +1 msg (total messages 583)
[+] [qff ‧₊˚.] slaynww got +1 msg (total messages 584)
[+] [qff ‧₊˚.] slaynww got +1 msg (total messages 585)
[+] [qff ‧₊˚.] slaynww got +1 msg (total messages 586)
[+] [qff ‧₊˚.] slaynww got +1 msg (total messages 587)
[+] [qff ‧₊˚.] slaynww got +1 msg (total messages 588)
[+] [qff ‧₊˚.] slaynww got +1 msg (total messages 589)
[+] [qwitix] slaynww got +1 msg (total messages 1)
[+] [qwitix] slaynww got +1 msg (total messages 2)
[+] [qff ‧₊˚.] slaynww got +1 msg (total messages 590)
[+] [qff ‧₊˚.] slaynww got +1 msg (total messages 591)
[+] [qff ‧₊˚.] slaynww got +1 msg (total messages 592)
[+] [qff ‧₊˚.] slaynww got +1 msg (total messages 593)
[+] [qff ‧₊˚.] slaynww got +1 msg (total messages 594)
[+] [qff ‧₊˚.] slaynww got +1 msg (total messages 595)
[+] [qff ‧₊˚.] slaynww got +1 msg (total messages 596)
[+] [qff ‧₊˚.] slaynww got +1 msg (total messages 597)
[+] [qff ‧₊˚.] slaynww got +1 msg (total messages 598)
[+] [qff ‧₊˚.] slaynww got +1 msg (total messages 599)
[+] [qff ‧₊˚.] slaynww got +1 msg (total messages 600)
[+] [qff ‧₊˚.] slaynww got +1 msg (total messages 601)
[+] [qff ‧₊˚.] slaynww got +1 msg (total messages 602)
[+] [qff ‧₊˚.] slaynww got +1 msg (total messages 603)
[+] [qff ‧₊˚.] slaynww got +1 msg (total messages 604)
[+] [qff ‧₊˚.] slaynww got +1 msg (total messages 605)
[+] [qff ‧₊˚.] slaynww got +1 msg (total messages 606)
[+] [qff ‧₊˚.] slaynww got +1 msg (total messages 607)
[+] [qff ‧₊˚.] slaynww got +1 msg (total messages 608)
[+] [qff ‧₊˚.] slaynww got +1 msg (total messages 609)
[+] [qff ‧₊˚.] slaynww got +1 msg (total messages 610)
[+] [qff ‧₊˚.] slaynww got +1 msg (total messages 611)
[+] [qff ‧₊˚.] slaynww got +1 msg (total messages 612)
[+] [qff ‧₊˚.] slaynww got +1 msg (total messages 613)
[+] [qff ‧₊˚.] slaynww got +1 msg (total messages 614)
[+] [qff ‧₊˚.] slaynww got +1 msg (total messages 615)
[+] [qff ‧₊˚.] slaynww got +1 msg (total messages 616)
[+] [qff ‧₊˚.] slaynww got +1 msg (total messages 617)
[+] [qff ‧₊˚.] slaynww got +1 msg (total messages 618)
[+] [qff ‧₊˚.] slaynww got +1 msg (total messages 619)
[+] [qff ‧₊˚.] slaynww got +1 msg (total messages 620)
[+] [qff ‧₊˚.] slaynww got +1 msg (total messages 621)
[+] [qff ‧₊˚.] slaynww got +1 msg (total messages 622)
[+] [qff ‧₊˚.] slaynww got +1 msg (total messages 623)
[+] [qff ‧₊˚.] slaynww got +1 msg (total messages 624)
[+] [qff ‧₊˚.] slaynww got +1 msg (total messages 625)
[+] [qff ‧₊˚.] slaynww got +1 msg (total messages 626)
[+] [qff ‧₊˚.] slaynww got +1 msg (total messages 627)
[+] [qff ‧₊˚.] slaynww got +1 msg (total messages 628)
[+] [qff ‧₊˚.] slaynww got +1 msg (total messages 629)
[+] [qff ‧₊˚.] slaynww got +1 msg (total messages 630)
[+] [qff ‧₊˚.] slaynww got +1 msg (total messages 631)
[+] [qff ‧₊˚.] slaynww got +1 msg (total messages 632)
[+] [qff ‧₊˚.] slaynww got +1 msg (total messages 633)
[+] [qff ‧₊˚.] slaynww got +1 msg (total messages 634)
[+] [qff ‧₊˚.] slaynww got +1 msg (total messages 635)
[+] [qff ‧₊˚.] slaynww got +1 msg (total messages 636)
[+] [qff ‧₊˚.] slaynww got +1 msg (total messages 637)
[+] [qff ‧₊˚.] slaynww got +1 msg (total messages 638)
[+] [qff ‧₊˚.] slaynww got +1 msg (total messages 639)
[+] [qff ‧₊˚.] slaynww got +1 msg (total messages 640)
[+] [qff ‧₊˚.] slaynww got +1 msg (total messages 641)
[+] [qff ‧₊˚.] slaynww got +1 msg (total messages 642)
[+] [qff ‧₊˚.] slaynww got +1 msg (total messages 643)
[+] [qff ‧₊˚.] slaynww got +1 msg (total messages 644)
[+] [qff ‧₊˚.] slaynww got +1 msg (total messages 645)
[+] [qff ‧₊˚.] slaynww got +1 msg (total messages 646)
[+] [qff ‧₊˚.] slaynww got +1 msg (total messages 647)
[+] [qff ‧₊˚.] slaynww got +1 msg (total messages 648)
[+] [qff ‧₊˚.] slaynww got +1 msg (total messages 649)
[+] [qff ‧₊˚.] slaynww got +1 msg (total messages 650)
[+] [qff ‧₊˚.] slaynww got +1 msg (total messages 651)
[+] [qff ‧₊˚.] slaynww got +1 msg (total messages 652)
[+] [qff ‧₊˚.] slaynww got +1 msg (total messages 653)
[+] [qff ‧₊˚.] slaynww got +1 msg (total messages 654)
[+] [qff ‧₊˚.] slaynww got +1 msg (total messages 655)
[+] [qff ‧₊˚.] slaynww got +1 msg (total messages 656)
[+] [qff ‧₊˚.] slaynww got +1 msg (total messages 657)
[+] [qff ‧₊˚.] slaynww got +1 msg (total messages 658)
[+] [qff ‧₊˚.] slaynww got +1 msg (total messages 659)
[+] [qff ‧₊˚.] slaynww got +1 msg (total messages 660)
[+] [qff ‧₊˚.] slaynww got +1 msg (total messages 661)
[+] [qff ‧₊˚.] slaynww got +1 msg (total messages 662)
[+] [qff ‧₊˚.] slaynww got +1 msg (total messages 663)
[+] [qff ‧₊˚.] slaynww got +1 msg (total messages 664)
[+] [qff ‧₊˚.] slaynww got +1 msg (total messages 665)
[+] [qff ‧₊˚.] slaynww got +1 msg (total messages 666)
[+] [qff ‧₊˚.] slaynww got +1 msg (total messages 667)
[+] [qff ‧₊˚.] slaynww got +1 msg (total messages 668)
[+] [qff ‧₊˚.] slaynww got +1 msg (total messages 669)
[+] [qff ‧₊˚.] slaynww got +1 msg (total messages 670)
[+] [qff ‧₊˚.] slaynww got +1 msg (total messages 671)
[+] [qff ‧₊˚.] slaynww got +1 msg (total messages 674)
[+] [qff ‧₊˚.] slaynww got +1 msg (total messages 675)
[+] [qff ‧₊˚.] slaynww got +1 msg (total messages 676)
[+] [qff ‧₊˚.] slaynww got +1 msg (total messages 677)
[+] [qff ‧₊˚.] slaynww got +1 msg (total messages 678)
[+] [qff ‧₊˚.] slaynww got +1 msg (total messages 679)
[+] [qff ‧₊˚.] slaynww got +1 msg (total messages 680)
[+] [qff ‧₊˚.] slaynww got +1 msg (total messages 681)
[+] [qff ‧₊˚.] slaynww got +1 msg (total messages 682)
[+] [qff ‧₊˚.] slaynww got +1 msg (total messages 683)
[+] [qff ‧₊˚.] slaynww got +1 msg (total messages 684)
[+] [qff ‧₊˚.] slaynww got +1 msg (total messages 685)
[+] [qff ‧₊˚.] slaynww got +1 msg (total messages 686)
[+] [qff ‧₊˚.] slaynww got +1 msg (total messages 687)
[+] [qff ‧₊˚.] slaynww got +1 msg (total messages 688)
[+] [qff ‧₊˚.] slaynww got +1 msg (total messages 689)
[+] [qff ‧₊˚.] slaynww got +1 msg (total messages 690)
[+] [qff ‧₊˚.] slaynww got +1 msg (total messages 691)
[+] [qff ‧₊˚.] slaynww got +1 msg (total messages 692)
[+] [qff ‧₊˚.] slaynww got +1 msg (total messages 693)
[+] [qff ‧₊˚.] slaynww got +1 msg (total messages 694)
[+] [qff ‧₊˚.] slaynww got +1 msg (total messages 695)
[+] [qff ‧₊˚.] slaynww got +1 msg (total messages 696)
[+] [qff ‧₊˚.] slaynww got +1 msg (total messages 697)
[+] [qff ‧₊˚.] slaynww got +1 msg (total messages 698)
[+] [qff ‧₊˚.] slaynww got +1 msg (total messages 699)
[+] [qff ‧₊˚.] slaynww got +1 msg (total messages 700)
[+] [qff ‧₊˚.] slaynww got +1 msg (total messages 701)
[+] [qff ‧₊˚.] slaynww got +1 msg (total messages 702)
[+] [qff ‧₊˚.] slaynww got +1 msg (total messages 703)
[+] [qff ‧₊˚.] slaynww got +1 msg (total messages 704)
[+] [qff ‧₊˚.] slaynww got +1 msg (total messages 705)
[+] [qff ‧₊˚.] slaynww got +1 msg (total messages 706)
[+] [qff ‧₊˚.] slaynww got +1 msg (total messages 707)
[+] [qff ‧₊˚.] slaynww got +1 msg (total messages 708)
[+] [qff ‧₊˚.] slaynww got +1 msg (total messages 709)
[+] [qff ‧₊˚.] slaynww got +1 msg (total messages 710)
[+] [qff ‧₊˚.] slaynww got +1 msg (total messages 711)
[+] [qff ‧₊˚.] lippsaii got +1 msg (total messages 1)
[+] [qff ‧₊˚.] slaynww got +1 msg (total messages 720)
[+] [qff ‧₊˚.] slaynww got +1 msg (total messages 721)
[+] [qff ‧₊˚.] slaynww got +1 msg (total messages 722)
[+] [qff ‧₊˚.] slaynww got +1 msg (total messages 723)
[+] [qff ‧₊˚.] slaynww got +1 msg (total messages 724)
[+] [qff ‧₊˚.] slaynww got +1 msg (total messages 725)
[+] [qff ‧₊˚.] slaynww got +1 msg (total messages 726)
[+] [qff ‧₊˚.] slaynww got +1 msg (total messages 727)
[+] [qff ‧₊˚.] slaynww got +1 msg (total messages 728)
[+] [qff ‧₊˚.] slaynww got +1 msg (total messages 729)
[+] [qff ‧₊˚.] slaynww got +1 msg (total messages 730)
[+] [qff ‧₊˚.] slaynww got +1 msg (total messages 731)
[+] [qff ‧₊˚.] slaynww got +1 msg (total messages 732)
[+] [qff ‧₊˚.] slaynww got +1 msg (total messages 733)
[+] [qff ‧₊˚.] slaynww got +1 msg (total messages 734)
[+] [qff ‧₊˚.] slaynww got +1 msg (total messages 735)
[+] [qff ‧₊˚.] slaynww got +1 msg (total messages 736)
[+] [qff ‧₊˚.] slaynww got +1 msg (total messages 737)
[+] [qff ‧₊˚.] slaynww got +1 msg (total messages 738)
[+] [qff ‧₊˚.] slaynww got +1 msg (total messages 739)
[+] [qff ‧₊˚.] slaynww got +1 msg (total messages 740)
[+] [qff ‧₊˚.] slaynww got +1 msg (total messages 741)
[+] [qff ‧₊˚.] slaynww got +1 msg (total messages 742)
[+] [qff ‧₊˚.] slaynww got +1 msg (total messages 743)
[+] [qff ‧₊˚.] slaynww got +1 msg (total messages 744)
[+] [qff ‧₊˚.] slaynww got +1 msg (total messages 745)
[+] [qff ‧₊˚.] slaynww got +1 msg (total messages 746)
[+] [qff ‧₊˚.] slaynww got +1 msg (total messages 747)
[+] [qff ‧₊˚.] slaynww got +1 msg (total messages 748)
[+] [qff ‧₊˚.] slaynww got +1 msg (total messages 749)
[+] [qff ‧₊˚.] slaynww got +1 msg (total messages 750)
[+] [qff ‧₊˚.] slaynww got +1 msg (total messages 751)
[+] [qff ‧₊˚.] slaynww got +1 msg (total messages 752)
[+] [qff ‧₊˚.] slaynww got +1 msg (total messages 753)
[+] [qff ‧₊˚.] slaynww got +1 msg (total messages 754)
[+] [qff ‧₊˚.] slaynww got +1 msg (total messages 755)
[+] [qff ‧₊˚.] slaynww got +1 msg (total messages 756)
[+] [qff ‧₊˚.] slaynww got +1 msg (total messages 757)
[+] [qff ‧₊˚.] slaynww got +1 msg (total messages 758)
[+] [qff ‧₊˚.] slaynww got +1 msg (total messages 759)
[+] [qff ‧₊˚.] slaynww got +1 msg (total messages 760)
[+] [qff ‧₊˚.] slaynww got +1 msg (total messages 761)
[+] [qff ‧₊˚.] slaynww got +1 msg (total messages 762)
[+] [qff ‧₊˚.] slaynww got +1 msg (total messages 763)
[+] [qff ‧₊˚.] slaynww got +1 msg (total messages 764)
[+] [qff ‧₊˚.] slaynww got +1 msg (total messages 765)
[+] [qff ‧₊˚.] slaynww got +1 msg (total messages 766)
[+] [qff ‧₊˚.] slaynww got +1 msg (total messages 767)
[+] [qff ‧₊˚.] slaynww got +1 msg (total messages 768)
[+] [qff ‧₊˚.] slaynww got +1 msg (total messages 769)
[+] [qff ‧₊˚.] slaynww got +1 msg (total messages 770)
[+] [qff ‧₊˚.] slaynww got +1 msg (total messages 771)
[+] [qff ‧₊˚.] slaynww got +1 msg (total messages 772)
[+] [qff ‧₊˚.] slaynww got +1 msg (total messages 773)
[+] [qff ‧₊˚.] slaynww got +1 msg (total messages 774)
[+] [qff ‧₊˚.] slaynww got +1 msg (total messages 775)
[+] [qff ‧₊˚.] slaynww got +1 msg (total messages 776)
[+] [qff ‧₊˚.] slaynww got +1 msg (total messages 777)
[+] [qff ‧₊˚.] slaynww got +1 msg (total messages 778)
[+] [qff ‧₊˚.] slaynww got +1 msg (total messages 779)
[+] [qff ‧₊˚.] slaynww got +1 msg (total messages 780)
[+] [qff ‧₊˚.] slaynww got +1 msg (total messages 781)
[+] [qff ‧₊˚.] slaynww got +1 msg (total messages 782)
[+] [qff ‧₊˚.] slaynww got +1 msg (total messages 783)
[+] [qff ‧₊˚.] slaynww got +1 msg (total messages 784)
[+] [qff ‧₊˚.] slaynww got +1 msg (total messages 785)
[+] [qff ‧₊˚.] slaynww got +1 msg (total messages 786)
[+] [qff ‧₊˚.] slaynww got +1 msg (total messages 787)
[+] [qff ‧₊˚.] slaynww got +1 msg (total messages 788)
[+] [qff ‧₊˚.] slaynww got +1 msg (total messages 789)
[+] [qff ‧₊˚.] slaynww got +1 msg (total messages 790)
[+] [qff ‧₊˚.] slaynww got +1 msg (total messages 791)
[+] [qff ‧₊˚.] slaynww got +1 msg (total messages 792)
[+] [qff ‧₊˚.] slaynww got +1 msg (total messages 793)
[+] [qff ‧₊˚.] lippsaii got +1 msg (total messages 2)
[+] [qff ‧₊˚.] slaynww got +1 msg (total messages 794)
[+] [qff ‧₊˚.] lippsaii got +1 msg (total messages 3)
[+] [qff ‧₊˚.] lippsaii got +1 msg (total messages 4)
[+] [qff ‧₊˚.] slaynww got +1 msg (total messages 795)
[+] [qff ‧₊˚.] slaynww got +1 msg (total messages 796)
[+] [qff ‧₊˚.] lippsaii got +1 msg (total messages 5)
[+] [qff ‧₊˚.] slaynww got +1 msg (total messages 797)
[+] [qff ‧₊˚.] slaynww got +1 msg (total messages 798)
[+] [qff ‧₊˚.] lippsaii got +1 msg (total messages 6)
[+] [qff ‧₊˚.] slaynww got +1 msg (total messages 799)
[+] [qff ‧₊˚.] slaynww got +1 msg (total messages 800)
[+] [qff ‧₊˚.] slaynww got +1 msg (total messages 801)
[+] [qff ‧₊˚.] slaynww got +1 msg (total messages 802)
[+] [qff ‧₊˚.] slaynww got +1 msg (total messages 803)
[+] [qff ‧₊˚.] slaynww got +1 msg (total messages 804)
[+] [qff ‧₊˚.] lippsaii got +1 msg (total messages 7)
[+] [qff ‧₊˚.] slaynww got +1 msg (total messages 805)
[+] [qff ‧₊˚.] lippsaii got +1 msg (total messages 8)
[+] [qff ‧₊˚.] slaynww got +1 msg (total messages 806)
[+] [qff ‧₊˚.] slaynww got +1 msg (total messages 807)
[+] [qff ‧₊˚.] slaynww got +1 msg (total messages 808)
[+] [qff ‧₊˚.] slaynww got +1 msg (total messages 809)
[+] [qff ‧₊˚.] slaynww got +1 msg (total messages 810)
[+] [qff ‧₊˚.] slaynww got +1 msg (total messages 811)
[+] [qff ‧₊˚.] slaynww got +1 msg (total messages 812)
[+] [qff ‧₊˚.] slaynww got +1 msg (total messages 813)
[+] [qff ‧₊˚.] slaynww got +1 msg (total messages 814)
[+] [qff ‧₊˚.] slaynww got +1 msg (total messages 815)
[+] [qff ‧₊˚.] lippsaii got +1 msg (total messages 9)
[+] [qff ‧₊˚.] slaynww got +1 msg (total messages 816)
[+] [qff ‧₊˚.] slaynww got +1 msg (total messages 817)
[+] [qff ‧₊˚.] slaynww got +1 msg (total messages 818)
[+] [qff ‧₊˚.] slaynww got +1 msg (total messages 819)
[+] [qff ‧₊˚.] slaynww got +1 msg (total messages 820)
[+] [qff ‧₊˚.] slaynww got +1 msg (total messages 821)
[+] [qff ‧₊˚.] lippsaii got +1 msg (total messages 10)
[+] [qff ‧₊˚.] lippsaii got +1 msg (total messages 11)
[+] [qff ‧₊˚.] slaynww got +1 msg (total messages 822)
[+] [qff ‧₊˚.] lippsaii got +1 msg (total messages 12)
[+] [qff ‧₊˚.] slaynww got +1 msg (total messages 823)
[+] [qff ‧₊˚.] slaynww got +1 msg (total messages 824)
[+] [qff ‧₊˚.] slaynww got +1 msg (total messages 825)
[+] [qff ‧₊˚.] slaynww got +1 msg (total messages 826)
[+] [qff ‧₊˚.] slaynww got +1 msg (total messages 827)
[+] [qff ‧₊˚.] slaynww got +1 msg (total messages 828)
[+] [qff ‧₊˚.] slaynww got +1 msg (total messages 829)
[+] [qff ‧₊˚.] slaynww got +1 msg (total messages 830)
[+] [qff ‧₊˚.] slaynww got +1 msg (total messages 831)
[+] [qff ‧₊˚.] slaynww got +1 msg (total messages 832)
[+] [qff ‧₊˚.] slaynww got +1 msg (total messages 833)
[+] [qff ‧₊˚.] slaynww got +1 msg (total messages 834)
[+] [qff ‧₊˚.] slaynww got +1 msg (total messages 835)
[+] [qff ‧₊˚.] slaynww got +1 msg (total messages 836)
[+] [qff ‧₊˚.] slaynww got +1 msg (total messages 837)
[+] [qff ‧₊˚.] slaynww got +1 msg (total messages 838)
[+] [qff ‧₊˚.] slaynww got +1 msg (total messages 839)
[+] [qff ‧₊˚.] slaynww got +1 msg (total messages 840)
[+] [qff ‧₊˚.] slaynww got +1 msg (total messages 841)
[+] [qff ‧₊˚.] slaynww got +1 msg (total messages 842)
[+] [qff ‧₊˚.] slaynww got +1 msg (total messages 843)
[+] [qff ‧₊˚.] slaynww got +1 msg (total messages 844)
[+] [qff ‧₊˚.] slaynww got +1 msg (total messages 845)
[+] [qff ‧₊˚.] slaynww got +1 msg (total messages 846)
[+] [qff ‧₊˚.] slaynww got +1 msg (total messages 847)
[+] [qff ‧₊˚.] slaynww got +1 msg (total messages 848)
[+] [qff ‧₊˚.] slaynww got +1 msg (total messages 849)
[+] [qff ‧₊˚.] slaynww got +1 msg (total messages 850)
[+] [qff ‧₊˚.] slaynww got +1 msg (total messages 851)
[+] [qff ‧₊˚.] slaynww got +1 msg (total messages 852)
[+] [qff ‧₊˚.] slaynww got +1 msg (total messages 853)
[+] [qff ‧₊˚.] slaynww got +1 msg (total messages 854)
[+] [qff ‧₊˚.] slaynww got +1 msg (total messages 855)
[+] [qff ‧₊˚.] slaynww got +1 msg (total messages 856)
[+] [qff ‧₊˚.] slaynww got +1 msg (total messages 857)
[+] [qff ‧₊˚.] slaynww got +1 msg (total messages 858)
[+] [qff ‧₊˚.] slaynww got +1 msg (total messages 859)
[+] [qff ‧₊˚.] slaynww got +1 msg (total messages 860)
[+] [qff ‧₊˚.] slaynww got +1 msg (total messages 861)
[+] [qff ‧₊˚.] slaynww got +1 msg (total messages 862)
[+] [qff ‧₊˚.] slaynww got +1 msg (total messages 863)
[+] [qff ‧₊˚.] slaynww got +1 msg (total messages 864)
[+] [qff ‧₊˚.] slaynww got +1 msg (total messages 865)
[+] [qff ‧₊˚.] slaynww got +1 msg (total messages 866)
[+] [qff ‧₊˚.] slaynww got +1 msg (total messages 867)
[+] [qff ‧₊˚.] slaynww got +1 msg (total messages 868)
[+] [qff ‧₊˚.] slaynww got +1 msg (total messages 869)
[+] [qff ‧₊˚.] slaynww got +1 msg (total messages 870)
[+] [qff ‧₊˚.] slaynww got +1 msg (total messages 871)
[+] [qff ‧₊˚.] slaynww got +1 msg (total messages 872)
[+] [qff ‧₊˚.] slaynww got +1 msg (total messages 873)
[+] [qff ‧₊˚.] slaynww got +1 msg (total messages 874)
[+] [qff ‧₊˚.] slaynww got +1 msg (total messages 875)
[+] [qff ‧₊˚.] slaynww got +1 msg (total messages 876)
[+] [qff ‧₊˚.] lippsaii got +1 msg (total messages 13)
[+] [qff ‧₊˚.] slaynww got +1 msg (total messages 877)
[+] [qff ‧₊˚.] slaynww got +1 msg (total messages 878)
[+] [qff ‧₊˚.] lippsaii got +1 msg (total messages 14)
[+] [qff ‧₊˚.] slaynww got +1 msg (total messages 879)
[+] [qff ‧₊˚.] slaynww got +1 msg (total messages 880)
[+] [qff ‧₊˚.] slaynww got +1 msg (total messages 881)
[+] [qff ‧₊˚.] slaynww got +1 msg (total messages 882)
[+] [qff ‧₊˚.] slaynww got +1 msg (total messages 883)
[+] [qff ‧₊˚.] slaynww got +1 msg (total messages 884)
[+] [qff ‧₊˚.] slaynww got +1 msg (total messages 885)
[+] [qff ‧₊˚.] slaynww got +1 msg (total messages 886)
[+] [qff ‧₊˚.] slaynww got +1 msg (total messages 887)
[+] [qff ‧₊˚.] slaynww got +1 msg (total messages 888)
[+] [qff ‧₊˚.] slaynww got +1 msg (total messages 889)
[+] [qff ‧₊˚.] slaynww got +1 msg (total messages 890)
[+] [qff ‧₊˚.] slaynww got +1 msg (total messages 891)
[+] [qff ‧₊˚.] slaynww got +1 msg (total messages 892)
[+] [qff ‧₊˚.] lippsaii got +1 msg (total messages 15)
[+] [qff ‧₊˚.] slaynww got +1 msg (total messages 893)
[+] [qff ‧₊˚.] slaynww got +1 msg (total messages 894)
[+] [qff ‧₊˚.] slaynww got +1 msg (total messages 895)
[+] [qff ‧₊˚.] slaynww got +1 msg (total messages 896)
[+] [qff ‧₊˚.] slaynww got +1 msg (total messages 897)
[+] [qff ‧₊˚.] slaynww got +1 msg (total messages 898)
[+] [qff ‧₊˚.] slaynww got +1 msg (total messages 899)
[+] [qff ‧₊˚.] slaynww got +1 msg (total messages 900)
[+] [qff ‧₊˚.] slaynww got +1 msg (total messages 901)
[+] [qff ‧₊˚.] slaynww got +1 msg (total messages 902)
[+] [qff ‧₊˚.] slaynww got +1 msg (total messages 903)
[+] [qff ‧₊˚.] slaynww got +1 msg (total messages 904)
[+] [qff ‧₊˚.] slaynww got +1 msg (total messages 905)
[+] [qff ‧₊˚.] slaynww got +1 msg (total messages 906)
[+] [qff ‧₊˚.] slaynww got +1 msg (total messages 907)
[+] [qff ‧₊˚.] slaynww got +1 msg (total messages 908)
[+] [qff ‧₊˚.] slaynww got +1 msg (total messages 909)
[+] [qff ‧₊˚.] slaynww got +1 msg (total messages 910)
[+] [qff ‧₊˚.] slaynww got +1 msg (total messages 911)
[+] [qff ‧₊˚.] slaynww got +1 msg (total messages 912)
[+] [qff ‧₊˚.] slaynww got +1 msg (total messages 913)
[+] [qff ‧₊˚.] slaynww got +1 msg (total messages 914)
[+] [qff ‧₊˚.] lippsaii got +1 msg (total messages 16)
[+] [qff ‧₊˚.] lippsaii got +1 msg (total messages 17)
[+] [qff ‧₊˚.] slaynww got +1 msg (total messages 915)
[+] [qff ‧₊˚.] slaynww got +1 msg (total messages 916)
[+] [qff ‧₊˚.] slaynww got +1 msg (total messages 917)
[+] [qff ‧₊˚.] lippsaii got +1 msg (total messages 18)
[+] [qff ‧₊˚.] slaynww got +1 msg (total messages 918)
[+] [qff ‧₊˚.] slaynww got +1 msg (total messages 919)
[+] [qff ‧₊˚.] slaynww got +1 msg (total messages 920)
[+] [qff ‧₊˚.] slaynww got +1 msg (total messages 921)
[+] [qff ‧₊˚.] slaynww got +1 msg (total messages 922)
[+] [qff ‧₊˚.] slaynww got +1 msg (total messages 923)
[+] [qff ‧₊˚.] slaynww got +1 msg (total messages 924)
[+] [qff ‧₊˚.] slaynww got +1 msg (total messages 925)
[+] [qff ‧₊˚.] slaynww got +1 msg (total messages 926)
[+] [qff ‧₊˚.] slaynww got +1 msg (total messages 927)
[+] [qff ‧₊˚.] slaynww got +1 msg (total messages 928)
[+] [qff ‧₊˚.] slaynww got +1 msg (total messages 929)
[+] [qff ‧₊˚.] slaynww got +1 msg (total messages 930)
[+] [qff ‧₊˚.] slaynww got +1 msg (total messages 931)
[+] [qff ‧₊˚.] slaynww got +1 msg (total messages 932)
[+] [qff ‧₊˚.] slaynww got +1 msg (total messages 933)
[+] [qff ‧₊˚.] slaynww got +1 msg (total messages 934)
[+] [qff ‧₊˚.] slaynww got +1 msg (total messages 935)
[+] [qff ‧₊˚.] slaynww got +1 msg (total messages 936)
[+] [qff ‧₊˚.] slaynww got +1 msg (total messages 937)
[+] [qff ‧₊˚.] slaynww got +1 msg (total messages 938)
[+] [qff ‧₊˚.] slaynww got +1 msg (total messages 939)
[+] [qff ‧₊˚.] slaynww got +1 msg (total messages 940)
[+] [qff ‧₊˚.] slaynww got +1 msg (total messages 941)
[+] [qff ‧₊˚.] slaynww got +1 msg (total messages 942)
[+] [qff ‧₊˚.] slaynww got +1 msg (total messages 943)
[+] [qff ‧₊˚.] slaynww got +1 msg (total messages 944)
[+] [qff ‧₊˚.] slaynww got +1 msg (total messages 945)
[+] [qff ‧₊˚.] slaynww got +1 msg (total messages 946)
[+] [qff ‧₊˚.] slaynww got +1 msg (total messages 947)
[+] [qff ‧₊˚.] slaynww got +1 msg (total messages 948)
[+] [qff ‧₊˚.] slaynww got +1 msg (total messages 949)
[+] [qff ‧₊˚.] slaynww got +1 msg (total messages 950)
[+] [qff ‧₊˚.] slaynww got +1 msg (total messages 951)
[+] [qff ‧₊˚.] slaynww got +1 msg (total messages 952)
[+] [qff ‧₊˚.] slaynww got +1 msg (total messages 953)
[+] [qff ‧₊˚.] slaynww got +1 msg (total messages 954)
[+] [qff ‧₊˚.] slaynww got +1 msg (total messages 955)
[+] [qff ‧₊˚.] slaynww got +1 msg (total messages 956)
[+] [qff ‧₊˚.] slaynww got +1 msg (total messages 957)
[+] [qff ‧₊˚.] slaynww got +1 msg (total messages 958)
[+] [qff ‧₊˚.] slaynww got +1 msg (total messages 959)
[+] [qff ‧₊˚.] slaynww got +1 msg (total messages 960)
[+] [qff ‧₊˚.] slaynww got +1 msg (total messages 961)
[+] [qff ‧₊˚.] slaynww got +1 msg (total messages 962)
[+] [qff ‧₊˚.] slaynww got +1 msg (total messages 963)
[+] [qff ‧₊˚.] slaynww got +1 msg (total messages 964)
[+] [qff ‧₊˚.] slaynww got +1 msg (total messages 965)
[+] [qff ‧₊˚.] slaynww got +1 msg (total messages 966)
[+] [qff ‧₊˚.] slaynww got +1 msg (total messages 967)
[+] [qff ‧₊˚.] slaynww got +1 msg (total messages 968)
[+] [qff ‧₊˚.] slaynww got +1 msg (total messages 969)
[+] [qff ‧₊˚.] slaynww got +1 msg (total messages 970)
[+] [qff ‧₊˚.] slaynww got +1 msg (total messages 971)
[+] [qff ‧₊˚.] slaynww got +1 msg (total messages 972)
[+] [qff ‧₊˚.] slaynww got +1 msg (total messages 973)
[+] [qff ‧₊˚.] slaynww got +1 msg (total messages 974)
[+] [qff ‧₊˚.] slaynww got +1 msg (total messages 975)
[+] [qff ‧₊˚.] slaynww got +1 msg (total messages 976)
[+] [qff ‧₊˚.] slaynww got +1 msg (total messages 977)
[+] [qff ‧₊˚.] slaynww got +1 msg (total messages 978)
[+] [qff ‧₊˚.] slaynww got +1 msg (total messages 979)
[+] [qff ‧₊˚.] slaynww got +1 msg (total messages 980)
[+] [qff ‧₊˚.] slaynww got +1 msg (total messages 981)
[+] [qff ‧₊˚.] slaynww got +1 msg (total messages 982)
[+] [qff ‧₊˚.] slaynww got +1 msg (total messages 983)
[+] [qff ‧₊˚.] slaynww got +1 msg (total messages 984)
[+] [qff ‧₊˚.] slaynww got +1 msg (total messages 985)
[+] [qff ‧₊˚.] slaynww got +1 msg (total messages 986)
[+] [qff ‧₊˚.] slaynww got +1 msg (total messages 987)
[+] [qff ‧₊˚.] slaynww got +1 msg (total messages 988)
[+] [qff ‧₊˚.] slaynww got +1 msg (total messages 989)
[+] [qff ‧₊˚.] slaynww got +1 msg (total messages 990)
[+] [qff ‧₊˚.] slaynww got +1 msg (total messages 991)
[+] [qff ‧₊˚.] slaynww got +1 msg (total messages 992)
[+] [qff ‧₊˚.] slaynww got +1 msg (total messages 993)
[+] [qff ‧₊˚.] slaynww got +1 msg (total messages 994)
[+] [qff ‧₊˚.] slaynww got +1 msg (total messages 995)
[+] [qff ‧₊˚.] slaynww got +1 msg (total messages 996)
[+] [qff ‧₊˚.] slaynww got +1 msg (total messages 997)
[+] [qff ‧₊˚.] slaynww got +1 msg (total messages 998)
[+] [qff ‧₊˚.] slaynww got +1 msg (total messages 999)
[+] [qff ‧₊˚.] slaynww got +1 msg (total messages 1000)
[+] [qff ‧₊˚.] slaynww got +1 msg (total messages 1001)
[+] [qff ‧₊˚.] slaynww got +1 msg (total messages 1002)
[+] [qff ‧₊˚.] slaynww got +1 msg (total messages 1003)
[+] [qff ‧₊˚.] slaynww got +1 msg (total messages 1004)
[+] [qff ‧₊˚.] slaynww got +1 msg (total messages 1005)
[+] [qff ‧₊˚.] slaynww got +1 msg (total messages 1006)
[+] [qff ‧₊˚.] slaynww got +1 msg (total messages 1007)
[+] [qff ‧₊˚.] slaynww got +1 msg (total messages 1008)
[+] [qff ‧₊˚.] slaynww got +1 msg (total messages 1009)
[+] [qff ‧₊˚.] slaynww got +1 msg (total messages 1010)
[+] [qff ‧₊˚.] slaynww got +1 msg (total messages 1011)
[+] [qff ‧₊˚.] slaynww got +1 msg (total messages 1012)
[+] [qff ‧₊˚.] slaynww got +1 msg (total messages 1013)
